Build started 27-01-2022 11.55.02 PM.
     1>Project "E:\FYMSC\SY project\Code\Registration Manager Code\Registration Manager 27-01-22\Password Generator\Password Generator.vcxproj" on node 2 (build target(s)).
     1>InitializeBuildStatus:
         Creating "Debug\Password Generator.unsuccessfulbuild" because "AlwaysCreate" was specified.
       CustomBuild:
         All outputs are up-to-date.
       ClCompile:
         All outputs are up-to-date.
         All outputs are up-to-date.
       ResourceCompile:
         All outputs are up-to-date.
       ManifestResourceCompile:
         All outputs are up-to-date.
       Link:
         All outputs are up-to-date.
       Manifest:
         c:\Program Files (x86)\Microsoft SDKs\Windows\v7.0A\bin\mt.exe /nologo /verbose /out:"Debug\Password Generator.exe.embed.manifest" /manifest "Debug\Password Generator.exe.intermediate.manifest" "c:\Program Files (x86)\Microsoft Visual Studio 10.0\VC\Include\Manifest\dpiaware.manifest"
         All outputs are up-to-date.
       FinalizeBuildStatus:
         Deleting file "Debug\Password Generator.unsuccessfulbuild".
         Touching "Debug\Password Generator.lastbuildstate".
     1>Done Building Project "E:\FYMSC\SY project\Code\Registration Manager Code\Registration Manager 27-01-22\Password Generator\Password Generator.vcxproj" (build target(s)).

Build succeeded.

Time Elapsed 00:00:00.27
