C:\CODE\PASSWORD GENERATOR\DEBUG\PASSWORD GENERATOR.CHM
C:\CODE\PASSWORD GENERATOR\DEBUG\PASSWORD GENERATOR.EXE
C:\CODE\PASSWORD GENERATOR\DEBUG\PASSWORD GENERATOR.ILK
C:\CODE\PASSWORD GENERATOR\DEBUG\PASSWORD GENERATOR.PDB
C:\Code\Password Generator\Password Generator\Debug\cl.command.1.tlog
C:\Code\Password Generator\Password Generator\Debug\CL.read.1.tlog
C:\Code\Password Generator\Password Generator\Debug\CL.write.1.tlog
C:\Code\Password Generator\Password Generator\Debug\custombuild.command.1.tlog
C:\Code\Password Generator\Password Generator\Debug\custombuild.read.1.tlog
C:\Code\Password Generator\Password Generator\Debug\custombuild.write.1.tlog
C:\Code\Password Generator\Password Generator\Debug\link.16340.read.1.tlog
C:\Code\Password Generator\Password Generator\Debug\link.16340.write.1.tlog
C:\Code\Password Generator\Password Generator\Debug\link.16340-cvtres.read.1.tlog
C:\Code\Password Generator\Password Generator\Debug\link.16340-cvtres.write.1.tlog
C:\Code\Password Generator\Password Generator\Debug\link.5728.read.1.tlog
C:\Code\Password Generator\Password Generator\Debug\link.5728.write.1.tlog
C:\Code\Password Generator\Password Generator\Debug\link.5728-cvtres.read.1.tlog
C:\Code\Password Generator\Password Generator\Debug\link.5728-cvtres.write.1.tlog
C:\Code\Password Generator\Password Generator\Debug\link.command.1.tlog
C:\Code\Password Generator\Password Generator\Debug\link.read.1.tlog
C:\Code\Password Generator\Password Generator\Debug\link.write.1.tlog
C:\Code\Password Generator\Password Generator\Debug\link-cvtres.read.1.tlog
C:\Code\Password Generator\Password Generator\Debug\link-cvtres.write.1.tlog
C:\Code\Password Generator\Password Generator\Debug\mt.command.1.tlog
C:\Code\Password Generator\Password Generator\Debug\mt.read.1.tlog
C:\Code\Password Generator\Password Generator\Debug\mt.write.1.tlog
C:\CODE\PASSWORD GENERATOR\PASSWORD GENERATOR\DEBUG\PASSWORD GENERATOR.EXE.EMBED.MANIFEST
C:\CODE\PASSWORD GENERATOR\PASSWORD GENERATOR\DEBUG\PASSWORD GENERATOR.EXE.EMBED.MANIFEST.RES
C:\CODE\PASSWORD GENERATOR\PASSWORD GENERATOR\DEBUG\PASSWORD GENERATOR.EXE.INTERMEDIATE.MANIFEST
C:\CODE\PASSWORD GENERATOR\PASSWORD GENERATOR\DEBUG\PASSWORD GENERATOR.OBJ
C:\CODE\PASSWORD GENERATOR\PASSWORD GENERATOR\DEBUG\PASSWORD GENERATOR.PCH
C:\CODE\PASSWORD GENERATOR\PASSWORD GENERATOR\DEBUG\PASSWORD GENERATOR.RES
C:\Code\Password Generator\Password Generator\Debug\Password Generator.vcxprojResolveAssemblyReference.cache
C:\Code\Password Generator\Password Generator\Debug\Password Generator.write.1.tlog
C:\Code\Password Generator\Password Generator\Debug\Password Generator_manifest.rc
C:\CODE\PASSWORD GENERATOR\PASSWORD GENERATOR\DEBUG\PASSWORD GENERATORDLG.OBJ
C:\Code\Password Generator\Password Generator\Debug\rc.command.1.tlog
C:\Code\Password Generator\Password Generator\Debug\rc.read.1.tlog
C:\Code\Password Generator\Password Generator\Debug\rc.write.1.tlog
C:\CODE\PASSWORD GENERATOR\PASSWORD GENERATOR\DEBUG\STDAFX.OBJ
C:\Code\Password Generator\Password Generator\Debug\vc100.idb
C:\CODE\PASSWORD GENERATOR\PASSWORD GENERATOR\DEBUG\VC100.PDB
C:\CODE\PASSWORD GENERATOR\PASSWORD GENERATOR\HLP\HTMLDEFINES.H
