C:\CODE\LICENSE MANAGER\WORKING\LICENSE MANAGER\LICENSE MANAGER\HLP\HTMLDEFINES.H
C:\CODE\LICENSE MANAGER\WORKING\LICENSE MANAGER\LICENSE MANAGER\LICENSEMANAGER_H.H
C:\CODE\LICENSE MANAGER\WORKING\LICENSE MANAGER\LICENSE MANAGER\LICENSEMANAGER_I.C
C:\Code\License Manager\Working\License Manager\License Manager\Release\cl.command.1.tlog
C:\Code\License Manager\Working\License Manager\License Manager\Release\CL.read.1.tlog
C:\Code\License Manager\Working\License Manager\License Manager\Release\CL.write.1.tlog
C:\Code\License Manager\Working\License Manager\License Manager\Release\custombuild.command.1.tlog
C:\Code\License Manager\Working\License Manager\License Manager\Release\custombuild.read.1.tlog
C:\Code\License Manager\Working\License Manager\License Manager\Release\custombuild.write.1.tlog
C:\CODE\LICENSE MANAGER\WORKING\LICENSE MANAGER\LICENSE MANAGER\RELEASE\DLGPROXY.OBJ
C:\CODE\LICENSE MANAGER\WORKING\LICENSE MANAGER\LICENSE MANAGER\RELEASE\LICENSE MANAGER.EXE.INTERMEDIATE.MANIFEST
C:\CODE\LICENSE MANAGER\WORKING\LICENSE MANAGER\LICENSE MANAGER\RELEASE\LICENSE MANAGER.OBJ
C:\CODE\LICENSE MANAGER\WORKING\LICENSE MANAGER\LICENSE MANAGER\RELEASE\LICENSE MANAGER.PCH
C:\CODE\LICENSE MANAGER\WORKING\LICENSE MANAGER\LICENSE MANAGER\RELEASE\LICENSE MANAGER.RES
C:\Code\License Manager\Working\License Manager\License Manager\Release\License Manager.vcxprojResolveAssemblyReference.cache
C:\Code\License Manager\Working\License Manager\License Manager\Release\License Manager.write.1.tlog
C:\CODE\LICENSE MANAGER\WORKING\LICENSE MANAGER\LICENSE MANAGER\RELEASE\LICENSE MANAGERDLG.OBJ
C:\CODE\LICENSE MANAGER\WORKING\LICENSE MANAGER\LICENSE MANAGER\RELEASE\LICENSEMANAGER.TLB
C:\Code\License Manager\Working\License Manager\License Manager\Release\link.command.1.tlog
C:\Code\License Manager\Working\License Manager\License Manager\Release\link.read.1.tlog
C:\Code\License Manager\Working\License Manager\License Manager\Release\link.write.1.tlog
C:\Code\License Manager\Working\License Manager\License Manager\Release\link-cvtres.read.1.tlog
C:\Code\License Manager\Working\License Manager\License Manager\Release\link-cvtres.write.1.tlog
C:\Code\License Manager\Working\License Manager\License Manager\Release\midl.command.1.tlog
C:\Code\License Manager\Working\License Manager\License Manager\Release\midl.read.1.tlog
C:\Code\License Manager\Working\License Manager\License Manager\Release\midl.write.1.tlog
C:\Code\License Manager\Working\License Manager\License Manager\Release\midl-midlc.read.1.tlog
C:\Code\License Manager\Working\License Manager\License Manager\Release\midl-midlc.write.1.tlog
C:\Code\License Manager\Working\License Manager\License Manager\Release\midl-midlc-cl.read.1.tlog
C:\Code\License Manager\Working\License Manager\License Manager\Release\mt.command.1.tlog
C:\Code\License Manager\Working\License Manager\License Manager\Release\mt.read.1.tlog
C:\Code\License Manager\Working\License Manager\License Manager\Release\mt.write.1.tlog
C:\Code\License Manager\Working\License Manager\License Manager\Release\rc.command.1.tlog
C:\Code\License Manager\Working\License Manager\License Manager\Release\rc.read.1.tlog
C:\Code\License Manager\Working\License Manager\License Manager\Release\rc.write.1.tlog
C:\CODE\LICENSE MANAGER\WORKING\LICENSE MANAGER\LICENSE MANAGER\RELEASE\STDAFX.OBJ
C:\CODE\LICENSE MANAGER\WORKING\LICENSE MANAGER\LICENSE MANAGER\RELEASE\VC100.PDB
C:\CODE\LICENSE MANAGER\WORKING\LICENSE MANAGER\RELEASE\LICENSE MANAGER.CHM
C:\CODE\LICENSE MANAGER\WORKING\LICENSE MANAGER\RELEASE\LICENSE MANAGER.EXE
C:\CODE\LICENSE MANAGER\WORKING\LICENSE MANAGER\RELEASE\LICENSE MANAGER.PDB
