Build started 27-01-2022 10.16.39 PM.
     1>Project "E:\FYMSC\SY project\Code\License Manager\Working\License Manager\License Manager\License Manager.vcxproj" on node 2 (build target(s)).
     1>InitializeBuildStatus:
         Creating "Release\License Manager.unsuccessfulbuild" because "AlwaysCreate" was specified.
       CustomBuild:
         Generating map file for help compiler...
         Making help file...
                 1 file(s) copied.
         
       Midl:
         c:\Program Files (x86)\Microsoft SDKs\Windows\v7.0A\bin\midl.exe /D NDEBUG /W1 /nologo /char signed /env win32 /h "LicenseManager_h.h" /tlb "Release\LicenseManager.tlb" /robust LicenseManager.idl 
         Processing .\LicenseManager.idl
         LicenseManager.idl
         Processing c:\Program Files (x86)\Microsoft SDKs\Windows\v7.0A\include\oaidl.idl
         oaidl.idl
         Processing c:\Program Files (x86)\Microsoft SDKs\Windows\v7.0A\include\objidl.idl
         objidl.idl
         Processing c:\Program Files (x86)\Microsoft SDKs\Windows\v7.0A\include\unknwn.idl
         unknwn.idl
         Processing c:\Program Files (x86)\Microsoft SDKs\Windows\v7.0A\include\wtypes.idl
         wtypes.idl
         Processing c:\Program Files (x86)\Microsoft SDKs\Windows\v7.0A\include\basetsd.h
         basetsd.h
         Processing c:\Program Files (x86)\Microsoft SDKs\Windows\v7.0A\include\guiddef.h
         guiddef.h
         Processing c:\Program Files (x86)\Microsoft SDKs\Windows\v7.0A\include\oaidl.acf
         oaidl.acf
       ClCompile:
         c:\Program Files (x86)\Microsoft Visual Studio 10.0\VC\bin\CL.exe /c /Zi /nologo /W3 /WX- /O2 /Oi /Oy- /GL /D WIN32 /D _WINDOWS /D NDEBUG /D _UNICODE /D UNICODE /Gm- /EHsc /MT /GS /Gy /fp:precise /Zc:wchar_t /Zc:forScope /Yc"StdAfx.h" /Fp"Release\License Manager.pch" /Fo"Release\\" /Fd"Release\vc100.pdb" /Gd /TP /analyze- /errorReport:prompt stdafx.cpp
         stdafx.cpp
         c:\Program Files (x86)\Microsoft Visual Studio 10.0\VC\bin\CL.exe /c /Zi /nologo /W3 /WX- /O2 /Oi /Oy- /GL /D WIN32 /D _WINDOWS /D NDEBUG /D _UNICODE /D UNICODE /Gm- /EHsc /MT /GS /Gy /fp:precise /Zc:wchar_t /Zc:forScope /Yu"StdAfx.h" /Fp"Release\License Manager.pch" /Fo"Release\\" /Fd"Release\vc100.pdb" /Gd /TP /analyze- /errorReport:prompt DlgProxy.cpp Expire.cpp "License Manager.cpp" "License ManagerDlg.cpp"
         DlgProxy.cpp
         Expire.cpp
     1>Expire.cpp(21): warning C4996: 'mbstowcs': This function or variable may be unsafe. Consider using mbstowcs_s instead. To disable deprecation, use _CRT_SECURE_NO_WARNINGS. See online help for details.
                 c:\Program Files (x86)\Microsoft Visual Studio 10.0\VC\include\stdlib.h(498) : see declaration of 'mbstowcs'
     1>Expire.cpp(25): warning C4996: 'strcpy': This function or variable may be unsafe. Consider using strcpy_s instead. To disable deprecation, use _CRT_SECURE_NO_WARNINGS. See online help for details.
                 c:\Program Files (x86)\Microsoft Visual Studio 10.0\VC\include\string.h(105) : see declaration of 'strcpy'
     1>Expire.cpp(27): warning C4996: 'strcat': This function or variable may be unsafe. Consider using strcat_s instead. To disable deprecation, use _CRT_SECURE_NO_WARNINGS. See online help for details.
                 c:\Program Files (x86)\Microsoft Visual Studio 10.0\VC\include\string.h(110) : see declaration of 'strcat'
     1>Expire.cpp(28): warning C4996: 'strcat': This function or variable may be unsafe. Consider using strcat_s instead. To disable deprecation, use _CRT_SECURE_NO_WARNINGS. See online help for details.
                 c:\Program Files (x86)\Microsoft Visual Studio 10.0\VC\include\string.h(110) : see declaration of 'strcat'
     1>Expire.cpp(29): warning C4996: 'strcat': This function or variable may be unsafe. Consider using strcat_s instead. To disable deprecation, use _CRT_SECURE_NO_WARNINGS. See online help for details.
                 c:\Program Files (x86)\Microsoft Visual Studio 10.0\VC\include\string.h(110) : see declaration of 'strcat'
     1>Expire.cpp(88): warning C4996: 'strcpy': This function or variable may be unsafe. Consider using strcpy_s instead. To disable deprecation, use _CRT_SECURE_NO_WARNINGS. See online help for details.
                 c:\Program Files (x86)\Microsoft Visual Studio 10.0\VC\include\string.h(105) : see declaration of 'strcpy'
     1>Expire.cpp(89): warning C4996: 'strcat': This function or variable may be unsafe. Consider using strcat_s instead. To disable deprecation, use _CRT_SECURE_NO_WARNINGS. See online help for details.
                 c:\Program Files (x86)\Microsoft Visual Studio 10.0\VC\include\string.h(110) : see declaration of 'strcat'
     1>Expire.cpp(90): warning C4996: 'strcat': This function or variable may be unsafe. Consider using strcat_s instead. To disable deprecation, use _CRT_SECURE_NO_WARNINGS. See online help for details.
                 c:\Program Files (x86)\Microsoft Visual Studio 10.0\VC\include\string.h(110) : see declaration of 'strcat'
     1>Expire.cpp(91): warning C4996: 'strcat': This function or variable may be unsafe. Consider using strcat_s instead. To disable deprecation, use _CRT_SECURE_NO_WARNINGS. See online help for details.
                 c:\Program Files (x86)\Microsoft Visual Studio 10.0\VC\include\string.h(110) : see declaration of 'strcat'
     1>Expire.cpp(156): warning C4996: 'sprintf': This function or variable may be unsafe. Consider using sprintf_s instead. To disable deprecation, use _CRT_SECURE_NO_WARNINGS. See online help for details.
                 c:\Program Files (x86)\Microsoft Visual Studio 10.0\VC\include\stdio.h(371) : see declaration of 'sprintf'
     1>Expire.cpp(157): warning C4996: 'strcpy': This function or variable may be unsafe. Consider using strcpy_s instead. To disable deprecation, use _CRT_SECURE_NO_WARNINGS. See online help for details.
                 c:\Program Files (x86)\Microsoft Visual Studio 10.0\VC\include\string.h(105) : see declaration of 'strcpy'
     1>Expire.cpp(164): warning C4996: 'strcpy': This function or variable may be unsafe. Consider using strcpy_s instead. To disable deprecation, use _CRT_SECURE_NO_WARNINGS. See online help for details.
                 c:\Program Files (x86)\Microsoft Visual Studio 10.0\VC\include\string.h(105) : see declaration of 'strcpy'
     1>Expire.cpp(192): warning C4244: 'initializing' : conversion from 'time_t' to 'UINT', possible loss of data
     1>Expire.cpp(213): warning C4244: 'initializing' : conversion from 'time_t' to 'UINT', possible loss of data
     1>Expire.cpp(251): warning C4996: 'fopen': This function or variable may be unsafe. Consider using fopen_s instead. To disable deprecation, use _CRT_SECURE_NO_WARNINGS. See online help for details.
                 c:\Program Files (x86)\Microsoft Visual Studio 10.0\VC\include\stdio.h(234) : see declaration of 'fopen'
         License Manager.cpp
         License ManagerDlg.cpp
     1>License ManagerDlg.cpp(301): warning C4996: 'sprintf': This function or variable may be unsafe. Consider using sprintf_s instead. To disable deprecation, use _CRT_SECURE_NO_WARNINGS. See online help for details.
                 c:\Program Files (x86)\Microsoft Visual Studio 10.0\VC\include\stdio.h(371) : see declaration of 'sprintf'
     1>License ManagerDlg.cpp(308): warning C4996: 'itoa': The POSIX name for this item is deprecated. Instead, use the ISO C++ conformant name: _itoa. See online help for details.
                 c:\Program Files (x86)\Microsoft Visual Studio 10.0\VC\include\stdlib.h(867) : see declaration of 'itoa'
     1>License ManagerDlg.cpp(315): warning C4996: 'strcpy': This function or variable may be unsafe. Consider using strcpy_s instead. To disable deprecation, use _CRT_SECURE_NO_WARNINGS. See online help for details.
                 c:\Program Files (x86)\Microsoft Visual Studio 10.0\VC\include\string.h(105) : see declaration of 'strcpy'
     1>License ManagerDlg.cpp(317): warning C4018: '<' : signed/unsigned mismatch
     1>License ManagerDlg.cpp(366): warning C4996: 'fopen': This function or variable may be unsafe. Consider using fopen_s instead. To disable deprecation, use _CRT_SECURE_NO_WARNINGS. See online help for details.
                 c:\Program Files (x86)\Microsoft Visual Studio 10.0\VC\include\stdio.h(234) : see declaration of 'fopen'
     1>License ManagerDlg.cpp(443): warning C4996: 'fopen': This function or variable may be unsafe. Consider using fopen_s instead. To disable deprecation, use _CRT_SECURE_NO_WARNINGS. See online help for details.
                 c:\Program Files (x86)\Microsoft Visual Studio 10.0\VC\include\stdio.h(234) : see declaration of 'fopen'
     1>License ManagerDlg.cpp(511): warning C4996: 'fopen': This function or variable may be unsafe. Consider using fopen_s instead. To disable deprecation, use _CRT_SECURE_NO_WARNINGS. See online help for details.
                 c:\Program Files (x86)\Microsoft Visual Studio 10.0\VC\include\stdio.h(234) : see declaration of 'fopen'
     1>License ManagerDlg.cpp(521): warning C4996: 'strcpy': This function or variable may be unsafe. Consider using strcpy_s instead. To disable deprecation, use _CRT_SECURE_NO_WARNINGS. See online help for details.
                 c:\Program Files (x86)\Microsoft Visual Studio 10.0\VC\include\string.h(105) : see declaration of 'strcpy'
     1>License ManagerDlg.cpp(563): warning C4996: 'fopen': This function or variable may be unsafe. Consider using fopen_s instead. To disable deprecation, use _CRT_SECURE_NO_WARNINGS. See online help for details.
                 c:\Program Files (x86)\Microsoft Visual Studio 10.0\VC\include\stdio.h(234) : see declaration of 'fopen'
     1>License ManagerDlg.cpp(594): warning C4996: 'fopen': This function or variable may be unsafe. Consider using fopen_s instead. To disable deprecation, use _CRT_SECURE_NO_WARNINGS. See online help for details.
                 c:\Program Files (x86)\Microsoft Visual Studio 10.0\VC\include\stdio.h(234) : see declaration of 'fopen'
     1>License ManagerDlg.cpp(598): warning C4996: 'fopen': This function or variable may be unsafe. Consider using fopen_s instead. To disable deprecation, use _CRT_SECURE_NO_WARNINGS. See online help for details.
                 c:\Program Files (x86)\Microsoft Visual Studio 10.0\VC\include\stdio.h(234) : see declaration of 'fopen'
     1>License ManagerDlg.cpp(435): warning C4101: 'oldcode' : unreferenced local variable
       ResourceCompile:
         c:\Program Files (x86)\Microsoft SDKs\Windows\v7.0A\bin\rc.exe /D NDEBUG /D _UNICODE /D UNICODE /l"0x0409" /IRelease\ /nologo /fo"Release\License Manager.res" "License Manager.rc" 
       Link:
         c:\Program Files (x86)\Microsoft Visual Studio 10.0\VC\bin\link.exe /ERRORREPORT:PROMPT /OUT:"E:\FYMSC\SY project\Code\License Manager\Working\License Manager\Release\License Manager.exe" /INCREMENTAL:NO /NOLOGO /MANIFEST /ManifestFile:"Release\License Manager.exe.intermediate.manifest" /MANIFESTUAC:"level='asInvoker' uiAccess='false'" /DEBUG /PDB:"E:\FYMSC\SY project\Code\License Manager\Working\License Manager\Release\License Manager.pdb" /SUBSYSTEM:WINDOWS /OPT:REF /OPT:ICF /LTCG /TLBID:1 /ENTRY:"wWinMainCRTStartup" /DYNAMICBASE /NXCOMPAT /IMPLIB:"E:\FYMSC\SY project\Code\License Manager\Working\License Manager\Release\License Manager.lib" /MACHINE:X86 "Release\License Manager.res"
         Release\DlgProxy.obj
         Release\Expire.obj
         "Release\License Manager.obj"
         "Release\License ManagerDlg.obj"
         Release\stdafx.obj
         Generating code
         Finished generating code
         License Manager.vcxproj -> E:\FYMSC\SY project\Code\License Manager\Working\License Manager\Release\License Manager.exe
       Manifest:
         c:\Program Files (x86)\Microsoft SDKs\Windows\v7.0A\bin\mt.exe /nologo /verbose /outputresource:"E:\FYMSC\SY project\Code\License Manager\Working\License Manager\Release\License Manager.exe;#1" /manifest "Release\License Manager.exe.intermediate.manifest" "c:\Program Files (x86)\Microsoft Visual Studio 10.0\VC\Include\Manifest\dpiaware.manifest"
       RegisterOutput:
         "E:\FYMSC\SY project\Code\License Manager\Working\License Manager\Release\License Manager.exe" /RegServer
       FinalizeBuildStatus:
         Deleting file "Release\License Manager.unsuccessfulbuild".
         Touching "Release\License Manager.lastbuildstate".
     1>Done Building Project "E:\FYMSC\SY project\Code\License Manager\Working\License Manager\License Manager\License Manager.vcxproj" (build target(s)).

Build succeeded.

Time Elapsed 00:00:23.83
