C:\CODE\ANTECH LICENSE SOFTWARE\LICENSE MANAGER\WORKING\LICENSE MANAGER\DEBUG\LICENSE MANAGER.CHM
C:\CODE\ANTECH LICENSE SOFTWARE\LICENSE MANAGER\WORKING\LICENSE MANAGER\DEBUG\LICENSE MANAGER.EXE
C:\CODE\ANTECH LICENSE SOFTWARE\LICENSE MANAGER\WORKING\LICENSE MANAGER\DEBUG\LICENSE MANAGER.ILK
C:\CODE\ANTECH LICENSE SOFTWARE\LICENSE MANAGER\WORKING\LICENSE MANAGER\DEBUG\LICENSE MANAGER.PDB
C:\Code\Antech License Software\License Manager\Working\License Manager\License Manager\Debug\cl.command.1.tlog
C:\Code\Antech License Software\License Manager\Working\License Manager\License Manager\Debug\CL.read.1.tlog
C:\Code\Antech License Software\License Manager\Working\License Manager\License Manager\Debug\CL.write.1.tlog
C:\Code\Antech License Software\License Manager\Working\License Manager\License Manager\Debug\custombuild.command.1.tlog
C:\Code\Antech License Software\License Manager\Working\License Manager\License Manager\Debug\custombuild.read.1.tlog
C:\Code\Antech License Software\License Manager\Working\License Manager\License Manager\Debug\custombuild.write.1.tlog
C:\CODE\ANTECH LICENSE SOFTWARE\LICENSE MANAGER\WORKING\LICENSE MANAGER\LICENSE MANAGER\DEBUG\DLGPROXY.OBJ
C:\CODE\ANTECH LICENSE SOFTWARE\LICENSE MANAGER\WORKING\LICENSE MANAGER\LICENSE MANAGER\DEBUG\EXPIRE.OBJ
C:\Code\Antech License Software\License Manager\Working\License Manager\License Manager\Debug\License Manager.exe.embed.manifest
C:\CODE\ANTECH LICENSE SOFTWARE\LICENSE MANAGER\WORKING\LICENSE MANAGER\LICENSE MANAGER\DEBUG\LICENSE MANAGER.EXE.EMBED.MANIFEST.RES
C:\CODE\ANTECH LICENSE SOFTWARE\LICENSE MANAGER\WORKING\LICENSE MANAGER\LICENSE MANAGER\DEBUG\LICENSE MANAGER.EXE.INTERMEDIATE.MANIFEST
C:\CODE\ANTECH LICENSE SOFTWARE\LICENSE MANAGER\WORKING\LICENSE MANAGER\LICENSE MANAGER\DEBUG\LICENSE MANAGER.OBJ
C:\CODE\ANTECH LICENSE SOFTWARE\LICENSE MANAGER\WORKING\LICENSE MANAGER\LICENSE MANAGER\DEBUG\LICENSE MANAGER.PCH
C:\CODE\ANTECH LICENSE SOFTWARE\LICENSE MANAGER\WORKING\LICENSE MANAGER\LICENSE MANAGER\DEBUG\LICENSE MANAGER.RES
C:\Code\Antech License Software\License Manager\Working\License Manager\License Manager\Debug\License Manager.vcxprojResolveAssemblyReference.cache
C:\Code\Antech License Software\License Manager\Working\License Manager\License Manager\Debug\License Manager.write.1.tlog
C:\Code\Antech License Software\License Manager\Working\License Manager\License Manager\Debug\License Manager_manifest.rc
C:\CODE\ANTECH LICENSE SOFTWARE\LICENSE MANAGER\WORKING\LICENSE MANAGER\LICENSE MANAGER\DEBUG\LICENSE MANAGERDLG.OBJ
C:\CODE\ANTECH LICENSE SOFTWARE\LICENSE MANAGER\WORKING\LICENSE MANAGER\LICENSE MANAGER\DEBUG\LICENSEMANAGER.TLB
C:\Code\Antech License Software\License Manager\Working\License Manager\License Manager\Debug\link.12068.read.1.tlog
C:\Code\Antech License Software\License Manager\Working\License Manager\License Manager\Debug\link.12068.write.1.tlog
C:\Code\Antech License Software\License Manager\Working\License Manager\License Manager\Debug\link.12068-cvtres.read.1.tlog
C:\Code\Antech License Software\License Manager\Working\License Manager\License Manager\Debug\link.12068-cvtres.write.1.tlog
C:\Code\Antech License Software\License Manager\Working\License Manager\License Manager\Debug\link.14388.read.1.tlog
C:\Code\Antech License Software\License Manager\Working\License Manager\License Manager\Debug\link.14388.write.1.tlog
C:\Code\Antech License Software\License Manager\Working\License Manager\License Manager\Debug\link.14388-cvtres.read.1.tlog
C:\Code\Antech License Software\License Manager\Working\License Manager\License Manager\Debug\link.14388-cvtres.write.1.tlog
C:\Code\Antech License Software\License Manager\Working\License Manager\License Manager\Debug\link.4860.read.1.tlog
C:\Code\Antech License Software\License Manager\Working\License Manager\License Manager\Debug\link.4860.write.1.tlog
C:\Code\Antech License Software\License Manager\Working\License Manager\License Manager\Debug\link.4860-cvtres.read.1.tlog
C:\Code\Antech License Software\License Manager\Working\License Manager\License Manager\Debug\link.4860-cvtres.write.1.tlog
C:\Code\Antech License Software\License Manager\Working\License Manager\License Manager\Debug\link.7764.read.1.tlog
C:\Code\Antech License Software\License Manager\Working\License Manager\License Manager\Debug\link.7764.write.1.tlog
C:\Code\Antech License Software\License Manager\Working\License Manager\License Manager\Debug\link.7764-cvtres.read.1.tlog
C:\Code\Antech License Software\License Manager\Working\License Manager\License Manager\Debug\link.7764-cvtres.write.1.tlog
C:\Code\Antech License Software\License Manager\Working\License Manager\License Manager\Debug\link.command.1.tlog
C:\Code\Antech License Software\License Manager\Working\License Manager\License Manager\Debug\link.read.1.tlog
C:\Code\Antech License Software\License Manager\Working\License Manager\License Manager\Debug\link.write.1.tlog
C:\Code\Antech License Software\License Manager\Working\License Manager\License Manager\Debug\link-cvtres.read.1.tlog
C:\Code\Antech License Software\License Manager\Working\License Manager\License Manager\Debug\link-cvtres.write.1.tlog
C:\Code\Antech License Software\License Manager\Working\License Manager\License Manager\Debug\midl.command.1.tlog
C:\Code\Antech License Software\License Manager\Working\License Manager\License Manager\Debug\midl.read.1.tlog
C:\Code\Antech License Software\License Manager\Working\License Manager\License Manager\Debug\midl.write.1.tlog
C:\Code\Antech License Software\License Manager\Working\License Manager\License Manager\Debug\midl-midlc.read.1.tlog
C:\Code\Antech License Software\License Manager\Working\License Manager\License Manager\Debug\midl-midlc.write.1.tlog
C:\Code\Antech License Software\License Manager\Working\License Manager\License Manager\Debug\midl-midlc-cl.read.1.tlog
C:\Code\Antech License Software\License Manager\Working\License Manager\License Manager\Debug\mt.command.1.tlog
C:\Code\Antech License Software\License Manager\Working\License Manager\License Manager\Debug\mt.read.1.tlog
C:\Code\Antech License Software\License Manager\Working\License Manager\License Manager\Debug\mt.write.1.tlog
C:\Code\Antech License Software\License Manager\Working\License Manager\License Manager\Debug\rc.command.1.tlog
C:\Code\Antech License Software\License Manager\Working\License Manager\License Manager\Debug\rc.read.1.tlog
C:\Code\Antech License Software\License Manager\Working\License Manager\License Manager\Debug\rc.write.1.tlog
C:\CODE\ANTECH LICENSE SOFTWARE\LICENSE MANAGER\WORKING\LICENSE MANAGER\LICENSE MANAGER\DEBUG\STDAFX.OBJ
C:\Code\Antech License Software\License Manager\Working\License Manager\License Manager\Debug\vc100.idb
C:\CODE\ANTECH LICENSE SOFTWARE\LICENSE MANAGER\WORKING\LICENSE MANAGER\LICENSE MANAGER\DEBUG\VC100.PDB
C:\CODE\ANTECH LICENSE SOFTWARE\LICENSE MANAGER\WORKING\LICENSE MANAGER\LICENSE MANAGER\HLP\HTMLDEFINES.H
C:\CODE\ANTECH LICENSE SOFTWARE\LICENSE MANAGER\WORKING\LICENSE MANAGER\LICENSE MANAGER\LICENSEMANAGER_H.H
C:\CODE\ANTECH LICENSE SOFTWARE\LICENSE MANAGER\WORKING\LICENSE MANAGER\LICENSE MANAGER\LICENSEMANAGER_I.C
C:\CODE\LICENSE MANAGER\WORKING\LICENSE MANAGER\DEBUG\LICENSE MANAGER.CHM
C:\CODE\LICENSE MANAGER\WORKING\LICENSE MANAGER\DEBUG\LICENSE MANAGER.EXE
C:\CODE\LICENSE MANAGER\WORKING\LICENSE MANAGER\DEBUG\LICENSE MANAGER.ILK
C:\CODE\LICENSE MANAGER\WORKING\LICENSE MANAGER\DEBUG\LICENSE MANAGER.PDB
C:\CODE\LICENSE MANAGER\WORKING\LICENSE MANAGER\LICENSE MANAGER\DEBUG\DLGPROXY.OBJ
C:\CODE\LICENSE MANAGER\WORKING\LICENSE MANAGER\LICENSE MANAGER\DEBUG\EXPIRE.OBJ
C:\CODE\LICENSE MANAGER\WORKING\LICENSE MANAGER\LICENSE MANAGER\DEBUG\LICENSE MANAGER.EXE.EMBED.MANIFEST
C:\CODE\LICENSE MANAGER\WORKING\LICENSE MANAGER\LICENSE MANAGER\DEBUG\LICENSE MANAGER.EXE.EMBED.MANIFEST.RES
C:\CODE\LICENSE MANAGER\WORKING\LICENSE MANAGER\LICENSE MANAGER\DEBUG\LICENSE MANAGER.EXE.INTERMEDIATE.MANIFEST
C:\CODE\LICENSE MANAGER\WORKING\LICENSE MANAGER\LICENSE MANAGER\DEBUG\LICENSE MANAGER.OBJ
C:\CODE\LICENSE MANAGER\WORKING\LICENSE MANAGER\LICENSE MANAGER\DEBUG\LICENSE MANAGER.PCH
C:\CODE\LICENSE MANAGER\WORKING\LICENSE MANAGER\LICENSE MANAGER\DEBUG\LICENSE MANAGER.RES
C:\CODE\LICENSE MANAGER\WORKING\LICENSE MANAGER\LICENSE MANAGER\DEBUG\LICENSE MANAGERDLG.OBJ
C:\CODE\LICENSE MANAGER\WORKING\LICENSE MANAGER\LICENSE MANAGER\DEBUG\LICENSEMANAGER.TLB
C:\CODE\LICENSE MANAGER\WORKING\LICENSE MANAGER\LICENSE MANAGER\DEBUG\STDAFX.OBJ
C:\CODE\LICENSE MANAGER\WORKING\LICENSE MANAGER\LICENSE MANAGER\DEBUG\VC100.PDB
C:\CODE\LICENSE MANAGER\WORKING\LICENSE MANAGER\LICENSE MANAGER\HLP\HTMLDEFINES.H
C:\CODE\LICENSE MANAGER\WORKING\LICENSE MANAGER\LICENSE MANAGER\LICENSEMANAGER_H.H
C:\CODE\LICENSE MANAGER\WORKING\LICENSE MANAGER\LICENSE MANAGER\LICENSEMANAGER_I.C
